#! /c/Source/iverilog-install/bin/vvp
:ivl_version "12.0 (devel)" "(s20150603-1539-g2693dd32b)";
:ivl_delay_selection "TYPICAL";
:vpi_time_precision + 0;
:vpi_module "C:\iverilog\lib\ivl\system.vpi";
:vpi_module "C:\iverilog\lib\ivl\vhdl_sys.vpi";
:vpi_module "C:\iverilog\lib\ivl\vhdl_textio.vpi";
:vpi_module "C:\iverilog\lib\ivl\v2005_math.vpi";
:vpi_module "C:\iverilog\lib\ivl\va_math.vpi";
S_000001ed39966d80 .scope module, "dff" "dff" 2 1;
 .timescale 0 0;
    .port_info 0 /INPUT 1 "d";
    .port_info 1 /INPUT 1 "clk";
    .port_info 2 /OUTPUT 1 "q";
o000001ed39966f18 .functor BUFZ 1, C4<z>; HiZ drive
v000001ed39932fd0_0 .net "clk", 0 0, o000001ed39966f18;  0 drivers
o000001ed39966f48 .functor BUFZ 1, C4<z>; HiZ drive
v000001ed39932db0_0 .net "d", 0 0, o000001ed39966f48;  0 drivers
v000001ed396ce060_0 .var "q", 0 0;
E_000001ed39964a30 .event posedge, v000001ed39932fd0_0;
    .scope S_000001ed39966d80;
T_0 ;
    %wait E_000001ed39964a30;
    %load/vec4 v000001ed39932db0_0;
    %assign/vec4 v000001ed396ce060_0, 0;
    %jmp T_0;
    .thread T_0;
# The file index is used to find the file name in the following table.
:file_names 3;
    "N/A";
    "<interactive>";
    "DFF.v";
